Determining if the pthread_create exist failed with the following output:
Change Dir: /home/pi/Desktop/anamatronic/Ros/Anama_Catkin_ws/build/CMakeFiles/CMakeTmp

Run Build Command:"/usr/bin/make" "cmTC_20ec1/fast"
/usr/bin/make -f CMakeFiles/cmTC_20ec1.dir/build.make CMakeFiles/cmTC_20ec1.dir/build
make[1]: Entering directory '/home/pi/Desktop/anamatronic/Ros/Anama_Catkin_ws/build/CMakeFiles/CMakeTmp'
Building C object CMakeFiles/cmTC_20ec1.dir/CheckSymbolExists.c.o
/usr/bin/cc    -o CMakeFiles/cmTC_20ec1.dir/CheckSymbolExists.c.o   -c /home/pi/Desktop/anamatronic/Ros/Anama_Catkin_ws/build/CMakeFiles/CMakeTmp/CheckSymbolExists.c
Linking C executable cmTC_20ec1
/usr/bin/cmake -E cmake_link_script CMakeFiles/cmTC_20ec1.dir/link.txt --verbose=1
/usr/bin/cc      -rdynamic CMakeFiles/cmTC_20ec1.dir/CheckSymbolExists.c.o  -o cmTC_20ec1 
/usr/bin/ld: CMakeFiles/cmTC_20ec1.dir/CheckSymbolExists.c.o: in function `main':
CheckSymbolExists.c:(.text+0x38): undefined reference to `pthread_create'
collect2: error: ld returned 1 exit status
make[1]: *** [CMakeFiles/cmTC_20ec1.dir/build.make:87: cmTC_20ec1] Error 1
make[1]: Leaving directory '/home/pi/Desktop/anamatronic/Ros/Anama_Catkin_ws/build/CMakeFiles/CMakeTmp'
make: *** [Makefile:121: cmTC_20ec1/fast] Error 2

File /home/pi/Desktop/anamatronic/Ros/Anama_Catkin_ws/build/CMakeFiles/CMakeTmp/CheckSymbolExists.c:
/* */
#include <pthread.h>

int main(int argc, char** argv)
{
  (void)argv;
#ifndef pthread_create
  return ((int*)(&pthread_create))[argc];
#else
  (void)argc;
  return 0;
#endif
}

Determining if the function pthread_create exists in the pthreads failed with the following output:
Change Dir: /home/pi/Desktop/anamatronic/Ros/Anama_Catkin_ws/build/CMakeFiles/CMakeTmp

Run Build Command:"/usr/bin/make" "cmTC_fbefc/fast"
/usr/bin/make -f CMakeFiles/cmTC_fbefc.dir/build.make CMakeFiles/cmTC_fbefc.dir/build
make[1]: Entering directory '/home/pi/Desktop/anamatronic/Ros/Anama_Catkin_ws/build/CMakeFiles/CMakeTmp'
Building C object CMakeFiles/cmTC_fbefc.dir/CheckFunctionExists.c.o
/usr/bin/cc   -DCHECK_FUNCTION_EXISTS=pthread_create   -o CMakeFiles/cmTC_fbefc.dir/CheckFunctionExists.c.o   -c /usr/share/cmake-3.13/Modules/CheckFunctionExists.c
Linking C executable cmTC_fbefc
/usr/bin/cmake -E cmake_link_script CMakeFiles/cmTC_fbefc.dir/link.txt --verbose=1
/usr/bin/cc  -DCHECK_FUNCTION_EXISTS=pthread_create    -rdynamic CMakeFiles/cmTC_fbefc.dir/CheckFunctionExists.c.o  -o cmTC_fbefc -lpthreads 
/usr/bin/ld: cannot find -lpthreads
collect2: error: ld returned 1 exit status
make[1]: *** [CMakeFiles/cmTC_fbefc.dir/build.make:87: cmTC_fbefc] Error 1
make[1]: Leaving directory '/home/pi/Desktop/anamatronic/Ros/Anama_Catkin_ws/build/CMakeFiles/CMakeTmp'
make: *** [Makefile:121: cmTC_fbefc/fast] Error 2


